<?xml version="1.0" encoding="UTF-8"?>
<!-- Generated by org.testng.reporters.JUnitReportReporter -->
<testsuite hostname="LAPTOP-DI90479L" failures="0" tests="1" name="Spotify.Spotify.Browse" time="1.923" errors="0" timestamp="2022-10-08T09:43:57 IST" skipped="0">
  <testcase classname="Spotify.Spotify.Browse" name="Get_Featured_Playlists" time="1.923"/>
  <system-out/>
</testsuite> <!-- Spotify.Spotify.Browse -->
