<?xml version="1.0" encoding="UTF-8"?>
<!-- Generated by org.testng.reporters.JUnitReportReporter -->
<testsuite hostname="LAPTOP-DI90479L" failures="0" tests="1" name="Spotify.Spotify.Markets" time="0.222" errors="0" timestamp="2022-10-08T09:38:08 IST" skipped="0">
  <testcase classname="Spotify.Spotify.Markets" name="Get_Available_Markets" time="0.222"/>
  <system-out/>
</testsuite> <!-- Spotify.Spotify.Markets -->
