<?xml version="1.0" encoding="UTF-8"?>
<!-- Generated by org.testng.reporters.JUnitReportReporter -->
<testsuite hostname="LAPTOP-DI90479L" failures="0" tests="1" name="Spotify.Spotify.Library" time="0.000" errors="0" timestamp="2022-10-08T09:38:08 IST" skipped="0">
  <testcase classname="Spotify.Spotify.Library" name="Save_Tracks_for_Current_User" time="0.000"/>
  <system-out/>
</testsuite> <!-- Spotify.Spotify.Library -->
