<?xml version="1.0" encoding="UTF-8"?>
<!-- Generated by org.testng.reporters.JUnitReportReporter -->
<testsuite hostname="LAPTOP-DI90479L" failures="0" tests="3" name="Spotify.Spotify.Album" time="0.851" errors="0" timestamp="2022-10-08T09:38:08 IST" skipped="0">
  <testcase classname="Spotify.Spotify.Album" name="Get_Several_Albums" time="0.242"/>
  <system-out/>
  <testcase classname="Spotify.Spotify.Album" name="Get_Album_Tracks" time="0.279"/>
  <system-out/>
  <testcase classname="Spotify.Spotify.Album" name="Get_Album" time="0.330"/>
  <system-out/>
</testsuite> <!-- Spotify.Spotify.Album -->
