<?xml version="1.0" encoding="UTF-8"?>
<!-- Generated by org.testng.reporters.JUnitReportReporter -->
<testsuite hostname="LAPTOP-DI90479L" failures="0" tests="5" name="Spotify.Spotify.Follow" time="1.122" errors="0" timestamp="2022-10-08T09:38:08 IST" skipped="0">
  <testcase classname="Spotify.Spotify.Follow" name="Check_if_Users_Follow_Playlist" time="0.219"/>
  <system-out/>
  <testcase classname="Spotify.Spotify.Follow" name="Unfollow_Playlist" time="0.225"/>
  <system-out/>
  <testcase classname="Spotify.Spotify.Follow" name="Check_If_User_Follows_Artists_or_Users" time="0.226"/>
  <system-out/>
  <testcase classname="Spotify.Spotify.Follow" name="Follow_Artists_or_Users" time="0.228"/>
  <system-out/>
  <testcase classname="Spotify.Spotify.Follow" name="Get_Followed_Artists" time="0.224"/>
  <system-out/>
</testsuite> <!-- Spotify.Spotify.Follow -->
