<?xml version="1.0" encoding="UTF-8"?>
<!-- Generated by org.testng.reporters.JUnitReportReporter -->
<testsuite hostname="LAPTOP-DI90479L" failures="0" tests="3" name="Spotify.Spotify.Shows" time="0.671" errors="0" timestamp="2022-10-08T09:38:08 IST" skipped="0">
  <testcase classname="Spotify.Spotify.Shows" name="Get_Show" time="0.217"/>
  <system-out/>
  <testcase classname="Spotify.Spotify.Shows" name="Get_Show_Episodes" time="0.232"/>
  <system-out/>
  <testcase classname="Spotify.Spotify.Shows" name="Get_Several_Shows" time="0.222"/>
  <system-out/>
</testsuite> <!-- Spotify.Spotify.Shows -->
