<?xml version="1.0" encoding="UTF-8"?>
<!-- Generated by org.testng.reporters.JUnitReportReporter -->
<testsuite hostname="LAPTOP-DI90479L" failures="0" tests="1" name="Spotify.Spotify.Search" time="0.762" errors="0" timestamp="2022-10-08T09:38:08 IST" skipped="0">
  <testcase classname="Spotify.Spotify.Search" name="Get_Search_For_Item" time="0.762"/>
  <system-out/>
</testsuite> <!-- Spotify.Spotify.Search -->
