<?xml version="1.0" encoding="UTF-8"?>
<!-- Generated by org.testng.reporters.JUnitReportReporter -->
<testsuite hostname="LAPTOP-DI90479L" failures="0" tests="1" name="Spotify.Spotify.Chapters" time="2.005" errors="0" timestamp="2022-10-10T08:22:31 IST" skipped="0">
  <testcase classname="Spotify.Spotify.Chapters" name="Get_Chapter" time="2.005"/>
  <system-out/>
</testsuite> <!-- Spotify.Spotify.Chapters -->
