<?xml version="1.0" encoding="UTF-8"?>
<!-- Generated by org.testng.reporters.JUnitReportReporter -->
<testsuite hostname="LAPTOP-DI90479L" failures="0" tests="2" name="Spotify.Spotify.Audiobooks" time="2.464" errors="0" timestamp="2022-10-08T09:41:10 IST" skipped="0">
  <testcase classname="Spotify.Spotify.Audiobooks" name="Get_an_Audiobook" time="0.313"/>
  <system-out/>
  <testcase classname="Spotify.Spotify.Audiobooks" name="Get_Several_Audiobooks" time="2.151"/>
  <system-out/>
</testsuite> <!-- Spotify.Spotify.Audiobooks -->
