<?xml version="1.0" encoding="UTF-8"?>
<!-- Generated by org.testng.reporters.JUnitReportReporter -->
<testsuite hostname="LAPTOP-DI90479L" failures="0" tests="2" name="Spotify.Spotify.Episodes" time="0.459" errors="0" timestamp="2022-10-08T09:38:08 IST" skipped="0">
  <testcase classname="Spotify.Spotify.Episodes" name="Get_Several_Episodes" time="0.228"/>
  <system-out/>
  <testcase classname="Spotify.Spotify.Episodes" name="Get_Episode" time="0.231"/>
  <system-out/>
</testsuite> <!-- Spotify.Spotify.Episodes -->
